[
  {
    "line": 13,
    "elements": [
      {
        "line": 14,
        "name": "user opened web browser and maximizes it",
        "description": "",
        "type": "background",
        "keyword": "Background",
        "steps": [
          {
            "result": {
              "duration": 1891431200,
              "status": "passed"
            },
            "line": 15,
            "name": "user has entered test reconciliation system URL",
            "match": {
              "location": "LoginStepDef.user_has_entered_test_reconciliation_system_URL()"
            },
            "keyword": "When "
          }
        ]
      },
      {
        "start_timestamp": "2022-10-24T12:08:12.792Z",
        "before": [
          {
            "result": {
              "duration": 2522931800,
              "status": "passed"
            },
            "match": {
              "location": "Hook.initializeDriver()"
            }
          },
          {
            "result": {
              "duration": 87347500,
              "status": "passed"
            },
            "match": {
              "location": "Hook.beforeScenario(Scenario)"
            }
          }
        ],
        "line": 26,
        "name": "Valid username, but invalid password and valid financial",
        "description": "",
        "id": "login-user;valid-username--but-invalid-password-and-valid-financial",
        "after": [
          {
            "result": {
              "duration": 6472699,
              "status": "passed"
            },
            "match": {
              "location": "Hook.createJiraIssue(Scenario)"
            }
          },
          {
            "result": {
              "error_message": "java.lang.NoClassDefFoundError: config/CucumberExtentReporter$1\r\n\tat config.CucumberExtentReporter.createTest(CucumberExtentReporter.java:64)\r\n\tat stepDef.Hook.closeDriver(Hook.java:134)\r\n\tat java.base/jdk.internal.reflect.NativeMethodAccessorImpl.invoke0(Native Method)\r\n\tat java.base/jdk.internal.reflect.NativeMethodAccessorImpl.invoke(NativeMethodAccessorImpl.java:62)\r\n\tat java.base/jdk.internal.reflect.DelegatingMethodAccessorImpl.invoke(DelegatingMethodAccessorImpl.java:43)\r\n\tat java.base/java.lang.reflect.Method.invoke(Method.java:567)\r\n\tat cucumber.runtime.Utils$1.call(Utils.java:26)\r\n\tat cucumber.runtime.Timeout.timeout(Timeout.java:16)\r\n\tat cucumber.runtime.Utils.invoke(Utils.java:20)\r\n\tat cucumber.runtime.java.JavaHookDefinition.execute(JavaHookDefinition.java:65)\r\n\tat cucumber.runner.HookDefinitionMatch.runStep(HookDefinitionMatch.java:16)\r\n\tat cucumber.runner.TestStep.executeStep(TestStep.java:65)\r\n\tat cucumber.runner.TestStep.run(TestStep.java:50)\r\n\tat cucumber.runner.TestCase.run(TestCase.java:50)\r\n\tat cucumber.runner.Runner.runPickle(Runner.java:50)\r\n\tat cucumber.runtime.Runtime$1.run(Runtime.java:104)\r\n\tat java.base/java.util.concurrent.Executors$RunnableAdapter.call(Executors.java:515)\r\n\tat java.base/java.util.concurrent.FutureTask.run(FutureTask.java:264)\r\n\tat cucumber.runtime.Runtime$SameThreadExecutorService.execute(Runtime.java:258)\r\n\tat java.base/java.util.concurrent.AbstractExecutorService.submit(AbstractExecutorService.java:118)\r\n\tat cucumber.runtime.Runtime.run(Runtime.java:101)\r\n\tat io.cucumber.core.cli.Main.run(Main.java:43)\r\n\tat io.cucumber.core.cli.Main.main(Main.java:14)\r\nCaused by: java.lang.ClassNotFoundException: config.CucumberExtentReporter$1\r\n\tat java.base/jdk.internal.loader.BuiltinClassLoader.loadClass(BuiltinClassLoader.java:583)\r\n\tat java.base/jdk.internal.loader.ClassLoaders$AppClassLoader.loadClass(ClassLoaders.java:178)\r\n\tat java.base/java.lang.ClassLoader.loadClass(ClassLoader.java:521)\r\n\t... 23 more\r\n",
              "duration": 3339800,
              "status": "failed"
            },
            "match": {
              "location": "Hook.closeDriver(Scenario)"
            }
          }
        ],
        "type": "scenario",
        "keyword": "Scenario",
        "steps": [
          {
            "result": {
              "duration": 7453212700,
              "status": "passed"
            },
            "line": 27,
            "name": "user enters superAdmin username",
            "match": {
              "location": "LoginStepDef.user_enters_superAdmin_username()"
            },
            "keyword": "When "
          },
          {
            "result": {
              "duration": 80194200,
              "status": "passed"
            },
            "line": 28,
            "name": "user enters \"password\" as password",
            "match": {
              "arguments": [
                {
                  "val": "\"password\"",
                  "offset": 12
                }
              ],
              "location": "LoginStepDef.user_enters_as_password(String)"
            },
            "keyword": "And "
          },
          {
            "result": {
              "duration": 99778800,
              "status": "passed"
            },
            "line": 29,
            "name": "user selects superAdmin financial",
            "match": {
              "location": "LoginStepDef.user_selects_superAdmin_financial()"
            },
            "keyword": "And "
          },
          {
            "result": {
              "duration": 63900900,
              "status": "passed"
            },
            "line": 30,
            "name": "user clicks on Login button",
            "match": {
              "location": "LoginStepDef.user_clicks_on_Login_button()"
            },
            "keyword": "And "
          },
          {
            "result": {
              "error_message": "org.openqa.selenium.TimeoutException: Expected condition failed: waiting for alert to be present (tried for 15 second(s) with 500 milliseconds interval)\r\n\tat org.openqa.selenium.support.ui.WebDriverWait.timeoutException(WebDriverWait.java:87)\r\n\tat org.openqa.selenium.support.ui.FluentWait.until(FluentWait.java:231)\r\n\tat pageObj.LoginPage.getErrorMessage(LoginPage.java:74)\r\n\tat stepDef.LoginStepDef.system_should_display_an_alert_message(LoginStepDef.java:70)\r\n\tat âœ½.system should display an alert error message \"Invalid Password...!\"(file:src/test/resources/login.feature:31)\r\nCaused by: org.openqa.selenium.NoSuchWindowException: no such window: target window already closed\nfrom unknown error: web view not found\n  (Session info: chrome\u003d106.0.5249.119)\nBuild info: version: \u00274.3.0\u0027, revision: \u0027a4995e2c09*\u0027\nSystem info: host: \u0027HABITAMU-ETHSWI\u0027, ip: \u0027192.168.33.44\u0027, os.name: \u0027Windows 10\u0027, os.arch: \u0027amd64\u0027, os.version: \u002710.0\u0027, java.version: \u002712.0.2\u0027\nDriver info: org.openqa.selenium.chrome.ChromeDriver\nCommand: [1f6174c83a2b180c1ed4a1892030a169, getAlertText {}]\nCapabilities {acceptInsecureCerts: false, browserName: chrome, browserVersion: 106.0.5249.119, chrome: {chromedriverVersion: 106.0.5249.61 (511755355844..., userDataDir: C:\\Users\\Admin\\AppData\\Loca...}, goog:chromeOptions: {debuggerAddress: localhost:59127}, networkConnectionEnabled: false, pageLoadStrategy: normal, platformName: WINDOWS, proxy: Proxy(), se:cdp: ws://localhost:59127/devtoo..., se:cdpVersion: 106.0.5249.119, setWindowRect: true, strictFileInteractability: false, timeouts: {implicit: 0, pageLoad: 300000, script: 30000}, unhandledPromptBehavior: dismiss and notify, webauthn:extension:credBlob: true, webauthn:extension:largeBlob: true, webauthn:virtualAuthenticators: true}\nSession ID: 1f6174c83a2b180c1ed4a1892030a169\r\n\tat jdk.internal.reflect.GeneratedConstructorAccessor8.newInstance(Unknown Source)\r\n\tat java.base/jdk.internal.reflect.DelegatingConstructorAccessorImpl.newInstance(DelegatingConstructorAccessorImpl.java:45)\r\n\tat java.base/java.lang.reflect.Constructor.newInstanceWithCaller(Constructor.java:500)\r\n\tat java.base/java.lang.reflect.Constructor.newInstance(Constructor.java:481)\r\n\tat org.openqa.selenium.remote.codec.w3c.W3CHttpResponseCodec.createException(W3CHttpResponseCodec.java:200)\r\n\tat org.openqa.selenium.remote.codec.w3c.W3CHttpResponseCodec.decode(W3CHttpResponseCodec.java:133)\r\n\tat org.openqa.selenium.remote.codec.w3c.W3CHttpResponseCodec.decode(W3CHttpResponseCodec.java:53)\r\n\tat org.openqa.selenium.remote.HttpCommandExecutor.execute(HttpCommandExecutor.java:184)\r\n\tat org.openqa.selenium.remote.service.DriverCommandExecutor.invokeExecute(DriverCommandExecutor.java:167)\r\n\tat org.openqa.selenium.remote.service.DriverCommandExecutor.execute(DriverCommandExecutor.java:142)\r\n\tat org.openqa.selenium.remote.RemoteWebDriver.execute(RemoteWebDriver.java:569)\r\n\tat org.openqa.selenium.remote.RemoteWebDriver.execute(RemoteWebDriver.java:624)\r\n\tat org.openqa.selenium.remote.RemoteWebDriver.execute(RemoteWebDriver.java:628)\r\n\tat org.openqa.selenium.remote.RemoteWebDriver$RemoteTargetLocator.alert(RemoteWebDriver.java:1153)\r\n\tat org.openqa.selenium.support.ui.ExpectedConditions$28.apply(ExpectedConditions.java:796)\r\n\tat org.openqa.selenium.support.ui.ExpectedConditions$28.apply(ExpectedConditions.java:792)\r\n\tat org.openqa.selenium.support.ui.FluentWait.until(FluentWait.java:208)\r\n\tat pageObj.LoginPage.getErrorMessage(LoginPage.java:74)\r\n\tat stepDef.LoginStepDef.system_should_display_an_alert_message(LoginStepDef.java:70)\r\n\tat java.base/jdk.internal.reflect.NativeMethodAccessorImpl.invoke0(Native Method)\r\n\tat java.base/jdk.internal.reflect.NativeMethodAccessorImpl.invoke(NativeMethodAccessorImpl.java:62)\r\n\tat java.base/jdk.internal.reflect.DelegatingMethodAccessorImpl.invoke(DelegatingMethodAccessorImpl.java:43)\r\n\tat java.base/java.lang.reflect.Method.invoke(Method.java:567)\r\n\tat cucumber.runtime.Utils$1.call(Utils.java:26)\r\n\tat cucumber.runtime.Timeout.timeout(Timeout.java:16)\r\n\tat cucumber.runtime.Utils.invoke(Utils.java:20)\r\n\tat cucumber.runtime.java.JavaStepDefinition.execute(JavaStepDefinition.java:57)\r\n\tat cucumber.runner.PickleStepDefinitionMatch.runStep(PickleStepDefinitionMatch.java:50)\r\n\tat cucumber.runner.TestStep.executeStep(TestStep.java:65)\r\n\tat cucumber.runner.TestStep.run(TestStep.java:50)\r\n\tat cucumber.runner.PickleStepTestStep.run(PickleStepTestStep.java:43)\r\n\tat cucumber.runner.TestCase.run(TestCase.java:46)\r\n\tat cucumber.runner.Runner.runPickle(Runner.java:50)\r\n\tat cucumber.runtime.Runtime$1.run(Runtime.java:104)\r\n\tat java.base/java.util.concurrent.Executors$RunnableAdapter.call(Executors.java:515)\r\n\tat java.base/java.util.concurrent.FutureTask.run(FutureTask.java:264)\r\n\tat cucumber.runtime.Runtime$SameThreadExecutorService.execute(Runtime.java:258)\r\n\tat java.base/java.util.concurrent.AbstractExecutorService.submit(AbstractExecutorService.java:118)\r\n\tat cucumber.runtime.Runtime.run(Runtime.java:101)\r\n\tat io.cucumber.core.cli.Main.run(Main.java:43)\r\n\tat io.cucumber.core.cli.Main.main(Main.java:14)\r\n",
              "duration": 25449539400,
              "status": "failed"
            },
            "line": 31,
            "name": "system should display an alert error message \"Invalid Password...!\"",
            "match": {
              "arguments": [
                {
                  "val": "\"Invalid Password...!\"",
                  "offset": 45
                }
              ],
              "location": "LoginStepDef.system_should_display_an_alert_message(String)"
            },
            "keyword": "Then "
          }
        ],
        "tags": [
          {
            "name": "@Regression"
          },
          {
            "name": "@Login"
          }
        ]
      }
    ],
    "name": "Login user",
    "description": "",
    "id": "login-user",
    "keyword": "Feature",
    "uri": "file:src/test/resources/login.feature",
    "tags": [
      {
        "name": "@Regression",
        "type": "Tag",
        "location": {
          "line": 11,
          "column": 1
        }
      },
      {
        "name": "@Login",
        "type": "Tag",
        "location": {
          "line": 12,
          "column": 3
        }
      }
    ]
  }
]